<?xml version="1.0" encoding="UTF-8"?>
<!-- Generated by org.testng.reporters.JUnitReportReporter -->
<testsuite hostname="LAPTOP-CU6HFHV5" failures="0" tests="1" name="project.Automationprgrm" time="17.157" errors="0" timestamp="2024-12-17T20:11:54 IST" skipped="0">
  <testcase classname="project.Automationprgrm" name="logindetails" time="17.157"/>
  <system-out/>
</testsuite> <!-- project.Automationprgrm -->
